<?xml version="1.0" encoding="UTF-8"?>
<coverage generated="1674654818757" clover="3.2.0">
  <project timestamp="1674654818758" name="All files">
    <metrics statements="21" coveredstatements="1" conditionals="8" coveredconditionals="0" methods="2" coveredmethods="0" elements="31" coveredelements="1" complexity="0" loc="21" ncloc="21" packages="1" files="1" classes="1"/>
    <file name="index.js" path="/home/andrey/frontend-project-46/src/index.js">
      <metrics statements="21" coveredstatements="1" conditionals="8" coveredconditionals="0" methods="2" coveredmethods="0"/>
      <line num="3" count="1" type="stmt"/>
      <line num="4" count="0" type="stmt"/>
      <line num="5" count="0" type="stmt"/>
      <line num="6" count="0" type="stmt"/>
      <line num="7" count="0" type="stmt"/>
      <line num="8" count="0" type="stmt"/>
      <line num="9" count="0" type="stmt"/>
      <line num="10" count="0" type="stmt"/>
      <line num="11" count="0" type="stmt"/>
      <line num="12" count="0" type="stmt"/>
      <line num="13" count="0" type="cond" truecount="0" falsecount="2"/>
      <line num="14" count="0" type="stmt"/>
      <line num="15" count="0" type="cond" truecount="0" falsecount="2"/>
      <line num="16" count="0" type="stmt"/>
      <line num="17" count="0" type="cond" truecount="0" falsecount="2"/>
      <line num="18" count="0" type="stmt"/>
      <line num="19" count="0" type="cond" truecount="0" falsecount="2"/>
      <line num="20" count="0" type="stmt"/>
      <line num="21" count="0" type="stmt"/>
      <line num="23" count="0" type="stmt"/>
      <line num="25" count="0" type="stmt"/>
    </file>
  </project>
</coverage>
