{"/home/andrey/frontend-project-46/src/index.js": {"path":"/home/andrey/frontend-project-46/src/index.js","statementMap":{"0":{"start":{"line":3,"column":16},"end":{"line":27,"column":1}},"1":{"start":{"line":4,"column":12},"end":{"line":4,"column":43}},"2":{"start":{"line":5,"column":12},"end":{"line":5,"column":43}},"3":{"start":{"line":6,"column":14},"end":{"line":6,"column":28}},"4":{"start":{"line":7,"column":14},"end":{"line":7,"column":28}},"5":{"start":{"line":8,"column":15},"end":{"line":8,"column":27}},"6":{"start":{"line":9,"column":15},"end":{"line":9,"column":27}},"7":{"start":{"line":10,"column":18},"end":{"line":10,"column":39}},"8":{"start":{"line":11,"column":20},"end":{"line":11,"column":38}},"9":{"start":{"line":12,"column":16},"end":{"line":24,"column":7}},"10":{"start":{"line":13,"column":2},"end":{"line":22,"column":3}},"11":{"start":{"line":14,"column":3},"end":{"line":14,"column":39}},"12":{"start":{"line":15,"column":8},"end":{"line":22,"column":3}},"13":{"start":{"line":16,"column":3},"end":{"line":16,"column":39}},"14":{"start":{"line":17,"column":8},"end":{"line":22,"column":3}},"15":{"start":{"line":18,"column":3},"end":{"line":18,"column":39}},"16":{"start":{"line":19,"column":8},"end":{"line":22,"column":3}},"17":{"start":{"line":20,"column":3},"end":{"line":20,"column":39}},"18":{"start":{"line":21,"column":3},"end":{"line":21,"column":39}},"19":{"start":{"line":23,"column":2},"end":{"line":23,"column":13}},"20":{"start":{"line":25,"column":1},"end":{"line":25,"column":35}}},"fnMap":{"0":{"name":"(anonymous_0)","decl":{"start":{"line":3,"column":16},"end":{"line":3,"column":17}},"loc":{"start":{"line":3,"column":34},"end":{"line":27,"column":1}},"line":3},"1":{"name":"(anonymous_1)","decl":{"start":{"line":12,"column":34},"end":{"line":12,"column":35}},"loc":{"start":{"line":12,"column":48},"end":{"line":24,"column":2}},"line":12}},"branchMap":{"0":{"loc":{"start":{"line":13,"column":2},"end":{"line":22,"column":3}},"type":"if","locations":[{"start":{"line":13,"column":2},"end":{"line":22,"column":3}},{"start":{"line":15,"column":8},"end":{"line":22,"column":3}}],"line":13},"1":{"loc":{"start":{"line":15,"column":8},"end":{"line":22,"column":3}},"type":"if","locations":[{"start":{"line":15,"column":8},"end":{"line":22,"column":3}},{"start":{"line":17,"column":8},"end":{"line":22,"column":3}}],"line":15},"2":{"loc":{"start":{"line":17,"column":8},"end":{"line":22,"column":3}},"type":"if","locations":[{"start":{"line":17,"column":8},"end":{"line":22,"column":3}},{"start":{"line":19,"column":8},"end":{"line":22,"column":3}}],"line":17},"3":{"loc":{"start":{"line":19,"column":8},"end":{"line":22,"column":3}},"type":"if","locations":[{"start":{"line":19,"column":8},"end":{"line":22,"column":3}},{"start":{},"end":{}}],"line":19}},"s":{"0":1,"1":0,"2":0,"3":0,"4":0,"5":0,"6":0,"7":0,"8":0,"9":0,"10":0,"11":0,"12":0,"13":0,"14":0,"15":0,"16":0,"17":0,"18":0,"19":0,"20":0},"f":{"0":0,"1":0},"b":{"0":[0,0],"1":[0,0],"2":[0,0],"3":[0,0]},"_coverageSchema":"1a1c01bbd47fc00a2c39e90264f33305004495a9","hash":"1f224ed47b72054c4d561fba660fccfa967acc56"}
}
